<?xml version="1.0" encoding="UTF-8"?>
<!-- Generated by org.testng.reporters.JUnitXMLReporter -->
<testsuite hostname="IND-WS-00089" failures="0" tests="3" name="Default test" time="8.495" errors="0" timestamp="6 Jul 2021 14:35:34 GMT">
  <testcase classname="com.sample.project.test.XYZBank" name="addCustomerTest" time="0.349"/>
  <testcase classname="com.sample.project.test.XYZBank" name="openAccountTest" time="1.028"/>
  <testcase classname="com.sample.project.test.XYZBank" name="searchCustomer" time="3.815"/>
</testsuite> <!-- Default test -->
