<?xml version="1.0" encoding="UTF-8"?>
<!-- Generated by org.testng.reporters.JUnitXMLReporter -->
<testsuite hostname="IND-WS-00089" failures="0" tests="3" name="Test" time="8.787" errors="0" timestamp="6 Jul 2021 14:44:44 GMT">
  <testcase classname="com.sample.project.test.XYZBank" name="addCustomerTest" time="0.367"/>
  <testcase classname="com.sample.project.test.XYZBank" name="openAccountTest" time="0.986"/>
  <testcase classname="com.sample.project.test.XYZBank" name="searchCustomer" time="3.809"/>
</testsuite> <!-- Test -->
