<?xml version="1.0" encoding="UTF-8"?>
<testng-results total="3" passed="3" failed="0" skipped="0">
  <reporter-output>
  </reporter-output>
  <suite started-at="2021-07-06T14:44:36Z" name="Suite" finished-at="2021-07-06T14:44:44Z" duration-ms="8787">
    <groups>
    </groups>
    <test started-at="2021-07-06T14:44:36Z" name="Test" finished-at="2021-07-06T14:44:44Z" duration-ms="8787">
      <class name="com.sample.project.test.XYZBank">
        <test-method is-config="true" signature="SetUp()[pri:0, instance:com.sample.project.test.XYZBank@ed7f8b4]" started-at="2021-07-06T20:14:36Z" name="SetUp" finished-at="2021-07-06T20:14:38Z" duration-ms="2865" status="PASS">
          <reporter-output>
          </reporter-output>
        </test-method> <!-- SetUp -->
        <test-method signature="addCustomerTest()[pri:1, instance:com.sample.project.test.XYZBank@ed7f8b4]" started-at="2021-07-06T20:14:38Z" name="addCustomerTest" finished-at="2021-07-06T20:14:39Z" duration-ms="367" status="PASS">
          <reporter-output>
          </reporter-output>
        </test-method> <!-- addCustomerTest -->
        <test-method signature="openAccountTest()[pri:2, instance:com.sample.project.test.XYZBank@ed7f8b4]" started-at="2021-07-06T20:14:39Z" name="openAccountTest" finished-at="2021-07-06T20:14:40Z" duration-ms="986" status="PASS">
          <reporter-output>
          </reporter-output>
        </test-method> <!-- openAccountTest -->
        <test-method signature="searchCustomer()[pri:3, instance:com.sample.project.test.XYZBank@ed7f8b4]" started-at="2021-07-06T20:14:40Z" name="searchCustomer" finished-at="2021-07-06T20:14:44Z" duration-ms="3809" status="PASS">
          <reporter-output>
          </reporter-output>
        </test-method> <!-- searchCustomer -->
        <test-method is-config="true" signature="tearDown()[pri:0, instance:com.sample.project.test.XYZBank@ed7f8b4]" started-at="2021-07-06T20:14:44Z" name="tearDown" finished-at="2021-07-06T20:14:44Z" duration-ms="742" status="PASS">
          <reporter-output>
          </reporter-output>
        </test-method> <!-- tearDown -->
      </class> <!-- com.sample.project.test.XYZBank -->
    </test> <!-- Test -->
  </suite> <!-- Suite -->
</testng-results>
